DeviceList/build/intermediates/manifest_merge_blame_file/debug/manifest-merger-blame-debug-report.txt
1<?xml version="1.0" encoding="utf-8"?>
2<manifest xmlns:android="http://schemas.android.com/apk/res/android"
3    package="com.uk.tsl.rfid.devicelist"
4    android:versionCode="1"
5    android:versionName="1.0" >
6
7    <uses-sdk
7-->src/main/AndroidManifest.xml:7:5-9:41
8        android:minSdkVersion="21"
8-->src/main/AndroidManifest.xml:8:9-35
9        android:targetSdkVersion="27" />
9-->src/main/AndroidManifest.xml:9:9-38
10
11    <application
11-->src/main/AndroidManifest.xml:11:5-21:19
12        android:allowBackup="true"
12-->src/main/AndroidManifest.xml:12:9-35
13        android:icon="@drawable/ic_launcher"
13-->src/main/AndroidManifest.xml:13:9-45
14        android:label="@string/app_name" >
14-->src/main/AndroidManifest.xml:14:9-41
15        <activity
15-->src/main/AndroidManifest.xml:15:9-20:20
16            android:name="com.uk.tsl.rfid.DeviceListActivity"
16-->src/main/AndroidManifest.xml:15:19-68
17            android:configChanges="keyboardHidden|orientation"
17-->src/main/AndroidManifest.xml:18:14-64
18            android:icon="@drawable/ic_launcher"
18-->src/main/AndroidManifest.xml:16:14-50
19            android:label="@string/select_device"
19-->src/main/AndroidManifest.xml:19:14-51
20            android:theme="@android:style/Theme.Dialog" >
20-->src/main/AndroidManifest.xml:17:14-57
21        </activity>
22    </application>
23
24</manifest>